<?xml version="1.0" encoding="UTF-8"?>
<testsuite xmlns:xsi="http://www.w3.org/2001/XMLSchema-instance" xsi:noNamespaceSchemaLocation="https://maven.apache.org/surefire/maven-surefire-plugin/xsd/surefire-test-report.xsd" name="br.dc.compiladores.alguma.semantico.AppTest" time="0.055" tests="1" errors="0" skipped="0" failures="0">
  <properties>
    <property name="java.specification.version" value="20"/>
    <property name="sun.cpu.isalist" value="amd64"/>
    <property name="sun.jnu.encoding" value="Cp1252"/>
    <property name="java.class.path" value="C:\Users\jorgevhx\Documents\Projetos\t4-compiladores\alguma-semantico\target\test-classes;C:\Users\jorgevhx\Documents\Projetos\t4-compiladores\alguma-semantico\target\classes;C:\Users\jorgevhx\.m2\repository\junit\junit\4.11\junit-4.11.jar;C:\Users\jorgevhx\.m2\repository\org\hamcrest\hamcrest-core\1.3\hamcrest-core-1.3.jar;C:\Users\jorgevhx\.m2\repository\org\antlr\antlr4\4.12.0\antlr4-4.12.0-complete.jar;C:\Users\jorgevhx\.m2\repository\org\antlr\antlr4-runtime\4.12.0\antlr4-runtime-4.12.0.jar;C:\Users\jorgevhx\.m2\repository\org\antlr\antlr-runtime\3.5.3\antlr-runtime-3.5.3.jar;C:\Users\jorgevhx\.m2\repository\org\antlr\ST4\4.3.4\ST4-4.3.4.jar;C:\Users\jorgevhx\.m2\repository\org\abego\treelayout\org.abego.treelayout.core\1.0.3\org.abego.treelayout.core-1.0.3.jar;C:\Users\jorgevhx\.m2\repository\com\ibm\icu\icu4j\71.1\icu4j-71.1.jar;"/>
    <property name="java.vm.vendor" value="Oracle Corporation"/>
    <property name="sun.arch.data.model" value="64"/>
    <property name="user.variant" value=""/>
    <property name="java.vendor.url" value="https://java.oracle.com/"/>
    <property name="user.timezone" value="America/Sao_Paulo"/>
    <property name="os.name" value="Windows 11"/>
    <property name="java.vm.specification.version" value="20"/>
    <property name="sun.java.launcher" value="SUN_STANDARD"/>
    <property name="user.country" value="BR"/>
    <property name="sun.boot.library.path" value="C:\Program Files\Java\jdk-20\bin"/>
    <property name="sun.java.command" value="C:\Users\jorgevhx\AppData\Local\Temp\surefire8188035310152087027\surefirebooter3176069111590982301.jar C:\Users\jorgevhx\AppData\Local\Temp\surefire8188035310152087027 2024-06-20T16-50-07_424-jvmRun1 surefire8079622654502064430tmp surefire_02151555378707147437tmp"/>
    <property name="jdk.debug" value="release"/>
    <property name="surefire.test.class.path" value="C:\Users\jorgevhx\Documents\Projetos\t4-compiladores\alguma-semantico\target\test-classes;C:\Users\jorgevhx\Documents\Projetos\t4-compiladores\alguma-semantico\target\classes;C:\Users\jorgevhx\.m2\repository\junit\junit\4.11\junit-4.11.jar;C:\Users\jorgevhx\.m2\repository\org\hamcrest\hamcrest-core\1.3\hamcrest-core-1.3.jar;C:\Users\jorgevhx\.m2\repository\org\antlr\antlr4\4.12.0\antlr4-4.12.0-complete.jar;C:\Users\jorgevhx\.m2\repository\org\antlr\antlr4-runtime\4.12.0\antlr4-runtime-4.12.0.jar;C:\Users\jorgevhx\.m2\repository\org\antlr\antlr-runtime\3.5.3\antlr-runtime-3.5.3.jar;C:\Users\jorgevhx\.m2\repository\org\antlr\ST4\4.3.4\ST4-4.3.4.jar;C:\Users\jorgevhx\.m2\repository\org\abego\treelayout\org.abego.treelayout.core\1.0.3\org.abego.treelayout.core-1.0.3.jar;C:\Users\jorgevhx\.m2\repository\com\ibm\icu\icu4j\71.1\icu4j-71.1.jar;"/>
    <property name="sun.cpu.endian" value="little"/>
    <property name="user.home" value="C:\Users\jorgevhx"/>
    <property name="user.language" value="pt"/>
    <property name="java.specification.vendor" value="Oracle Corporation"/>
    <property name="java.version.date" value="2023-04-18"/>
    <property name="java.home" value="C:\Program Files\Java\jdk-20"/>
    <property name="file.separator" value="\"/>
    <property name="basedir" value="C:\Users\jorgevhx\Documents\Projetos\t4-compiladores\alguma-semantico"/>
    <property name="java.vm.compressedOopsMode" value="Zero based"/>
    <property name="line.separator" value="&#10;"/>
    <property name="java.vm.specification.vendor" value="Oracle Corporation"/>
    <property name="java.specification.name" value="Java Platform API Specification"/>
    <property name="surefire.real.class.path" value="C:\Users\jorgevhx\AppData\Local\Temp\surefire8188035310152087027\surefirebooter3176069111590982301.jar"/>
    <property name="user.script" value=""/>
    <property name="sun.management.compiler" value="HotSpot 64-Bit Tiered Compilers"/>
    <property name="java.runtime.version" value="20.0.1+9-29"/>
    <property name="user.name" value="jorgevhx"/>
    <property name="stdout.encoding" value="Cp1252"/>
    <property name="path.separator" value=";"/>
    <property name="os.version" value="10.0"/>
    <property name="java.runtime.name" value="Java(TM) SE Runtime Environment"/>
    <property name="file.encoding" value="UTF-8"/>
    <property name="java.vm.name" value="Java HotSpot(TM) 64-Bit Server VM"/>
    <property name="localRepository" value="C:\Users\jorgevhx\.m2\repository"/>
    <property name="java.vendor.url.bug" value="https://bugreport.java.com/bugreport/"/>
    <property name="java.io.tmpdir" value="C:\Users\jorgevhx\AppData\Local\Temp\"/>
    <property name="java.version" value="20.0.1"/>
    <property name="user.dir" value="C:\Users\jorgevhx\Documents\Projetos\t4-compiladores\alguma-semantico"/>
    <property name="os.arch" value="amd64"/>
    <property name="java.vm.specification.name" value="Java Virtual Machine Specification"/>
    <property name="sun.os.patch.level" value=""/>
    <property name="native.encoding" value="Cp1252"/>
    <property name="java.library.path" value="C:\Program Files\Java\jdk-20\bin;C:\Windows\Sun\Java\bin;C:\Windows\system32;C:\Windows;C:\Program Files\Common Files\Oracle\Java\javapath;C:\Program Files (x86)\Common Files\Oracle\Java\java8path;C:\Program Files (x86)\Common Files\Oracle\Java\javapath;C:\Windows\system32;C:\Windows;C:\Windows\System32\Wbem;C:\Windows\System32\WindowsPowerShell\v1.0\;C:\Windows\System32\OpenSSH\;C:\Program Files\NVIDIA Corporation\NVIDIA NvDLISR;C:\Program Files\Git\cmd;C:\Program Files\nodejs\;C:\Program Files (x86)\NVIDIA Corporation\PhysX\Common;C:\Program Files\Docker\Docker\resources\bin;C:\Users\jorgevhx\AppData\Local\Programs\Python\Python311\Scripts\;C:\Users\jorgevhx\AppData\Local\Programs\Python\Python311\;C:\Users\jorgevhx\AppData\Local\Microsoft\WindowsApps;C:\Users\jorgevhx\AppData\Local\Programs\Microsoft VS Code\bin;C:\Users\jorgevhx\Tomcat\apache-maven-3.9.2-bin\apache-maven-3.9.2\bin;C:\Program Files\MySQL\MySQL Server 8.0\bin;C:\Users\jorgevhx\AppData\Roaming\npm;C:\Program Files\JetBrains\IntelliJ IDEA Community Edition 2023.3.6\bin;;C:\Program Files\heroku\bin;."/>
    <property name="java.vm.info" value="mixed mode, sharing"/>
    <property name="stderr.encoding" value="Cp1252"/>
    <property name="java.vendor" value="Oracle Corporation"/>
    <property name="java.vm.version" value="20.0.1+9-29"/>
    <property name="sun.io.unicode.encoding" value="UnicodeLittle"/>
    <property name="java.class.version" value="64.0"/>
  </properties>
  <testcase name="shouldAnswerWithTrue" classname="br.dc.compiladores.alguma.semantico.AppTest" time="0.005"/>
</testsuite>